<?xml version="1.0" encoding="UTF-8"?>
<!-- Generated by org.testng.reporters.JUnitReportReporter -->
<testsuite name="com.pavan.runner.TestRunner" tests="1" failures="0" timestamp="17 Jul 2016 03:22:37 GMT" time="24.894" errors="0">
  <testcase name="run_cukes" time="24.894" classname="com.pavan.runner.TestRunner"/>
</testsuite> <!-- com.pavan.runner.TestRunner -->
