<?xml version="1.0" encoding="UTF-8"?>
<!-- Generated by org.testng.reporters.JUnitReportReporter -->
<testsuite name="com.pavan.runner.TestRunner" tests="1" failures="0" timestamp="9 Jul 2016 13:47:49 GMT" time="18.915" errors="0">
  <testcase name="run_cukes" time="18.915" classname="com.pavan.runner.TestRunner"/>
</testsuite> <!-- com.pavan.runner.TestRunner -->
